CRITICAL - 2026-01-03 11:45:15 --> ErrorException: Attempt to read property "content" on array
[Method: GET, Route: admin/product-service]
in APPPATH/Controllers/Admin/ProductController.php on line 57.
 1 APPPATH/Controllers/Admin/ProductController.php(57): CodeIgniter\Debug\Exceptions->errorHandler(2, 'Attempt to read property "content" on array', '/Applications/MAMP/htdocs/book-management-system/app/Controllers/Admin/ProductController.php', 57)
 2 SYSTEMPATH/CodeIgniter.php(933): App\Controllers\Admin\ProductController->product_view()
 3 SYSTEMPATH/CodeIgniter.php(509): CodeIgniter\CodeIgniter->runController(Object(App\Controllers\Admin\ProductController))
 4 SYSTEMPATH/CodeIgniter.php(355): CodeIgniter\CodeIgniter->handleRequest(null, Object(Config\Cache), false)
 5 SYSTEMPATH/Boot.php(325): CodeIgniter\CodeIgniter->run()
 6 SYSTEMPATH/Boot.php(67): CodeIgniter\Boot::runCodeIgniter(Object(CodeIgniter\CodeIgniter))
 7 FCPATH/index.php(56): CodeIgniter\Boot::bootWeb(Object(Config\Paths))
CRITICAL - 2026-01-03 11:45:15 --> ErrorException: Attempt to read property "content" on array
[Method: GET, Route: admin/product-service]
in APPPATH/Controllers/Admin/ProductController.php on line 57.
 1 APPPATH/Controllers/Admin/ProductController.php(57): CodeIgniter\Debug\Exceptions->errorHandler(2, 'Attempt to read property "content" on array', '/Applications/MAMP/htdocs/book-management-system/app/Controllers/Admin/ProductController.php', 57)
 2 SYSTEMPATH/CodeIgniter.php(933): App\Controllers\Admin\ProductController->product_view()
 3 SYSTEMPATH/CodeIgniter.php(509): CodeIgniter\CodeIgniter->runController(Object(App\Controllers\Admin\ProductController))
 4 SYSTEMPATH/CodeIgniter.php(355): CodeIgniter\CodeIgniter->handleRequest(null, Object(Config\Cache), false)
 5 SYSTEMPATH/Boot.php(325): CodeIgniter\CodeIgniter->run()
 6 SYSTEMPATH/Boot.php(67): CodeIgniter\Boot::runCodeIgniter(Object(CodeIgniter\CodeIgniter))
 7 FCPATH/index.php(56): CodeIgniter\Boot::bootWeb(Object(Config\Paths))
CRITICAL - 2026-01-03 11:45:21 --> ErrorException: Attempt to read property "content" on array
[Method: GET, Route: admin/product-service]
in APPPATH/Controllers/Admin/ProductController.php on line 57.
 1 APPPATH/Controllers/Admin/ProductController.php(57): CodeIgniter\Debug\Exceptions->errorHandler(2, 'Attempt to read property "content" on array', '/Applications/MAMP/htdocs/book-management-system/app/Controllers/Admin/ProductController.php', 57)
 2 SYSTEMPATH/CodeIgniter.php(933): App\Controllers\Admin\ProductController->product_view()
 3 SYSTEMPATH/CodeIgniter.php(509): CodeIgniter\CodeIgniter->runController(Object(App\Controllers\Admin\ProductController))
 4 SYSTEMPATH/CodeIgniter.php(355): CodeIgniter\CodeIgniter->handleRequest(null, Object(Config\Cache), false)
 5 SYSTEMPATH/Boot.php(325): CodeIgniter\CodeIgniter->run()
 6 SYSTEMPATH/Boot.php(67): CodeIgniter\Boot::runCodeIgniter(Object(CodeIgniter\CodeIgniter))
 7 FCPATH/index.php(56): CodeIgniter\Boot::bootWeb(Object(Config\Paths))
CRITICAL - 2026-01-03 11:45:26 --> ErrorException: Attempt to read property "content" on array
[Method: GET, Route: admin/product-service]
in APPPATH/Controllers/Admin/ProductController.php on line 57.
 1 APPPATH/Controllers/Admin/ProductController.php(57): CodeIgniter\Debug\Exceptions->errorHandler(2, 'Attempt to read property "content" on array', '/Applications/MAMP/htdocs/book-management-system/app/Controllers/Admin/ProductController.php', 57)
 2 SYSTEMPATH/CodeIgniter.php(933): App\Controllers\Admin\ProductController->product_view()
 3 SYSTEMPATH/CodeIgniter.php(509): CodeIgniter\CodeIgniter->runController(Object(App\Controllers\Admin\ProductController))
 4 SYSTEMPATH/CodeIgniter.php(355): CodeIgniter\CodeIgniter->handleRequest(null, Object(Config\Cache), false)
 5 SYSTEMPATH/Boot.php(325): CodeIgniter\CodeIgniter->run()
 6 SYSTEMPATH/Boot.php(67): CodeIgniter\Boot::runCodeIgniter(Object(CodeIgniter\CodeIgniter))
 7 FCPATH/index.php(56): CodeIgniter\Boot::bootWeb(Object(Config\Paths))
CRITICAL - 2026-01-03 11:45:37 --> ErrorException: Attempt to read property "content" on array
[Method: GET, Route: admin/product-service]
in APPPATH/Controllers/Admin/ProductController.php on line 57.
 1 APPPATH/Controllers/Admin/ProductController.php(57): CodeIgniter\Debug\Exceptions->errorHandler(2, 'Attempt to read property "content" on array', '/Applications/MAMP/htdocs/book-management-system/app/Controllers/Admin/ProductController.php', 57)
 2 SYSTEMPATH/CodeIgniter.php(933): App\Controllers\Admin\ProductController->product_view()
 3 SYSTEMPATH/CodeIgniter.php(509): CodeIgniter\CodeIgniter->runController(Object(App\Controllers\Admin\ProductController))
 4 SYSTEMPATH/CodeIgniter.php(355): CodeIgniter\CodeIgniter->handleRequest(null, Object(Config\Cache), false)
 5 SYSTEMPATH/Boot.php(325): CodeIgniter\CodeIgniter->run()
 6 SYSTEMPATH/Boot.php(67): CodeIgniter\Boot::runCodeIgniter(Object(CodeIgniter\CodeIgniter))
 7 FCPATH/index.php(56): CodeIgniter\Boot::bootWeb(Object(Config\Paths))
CRITICAL - 2026-01-03 11:45:46 --> ErrorException: Attempt to read property "content" on array
[Method: GET, Route: admin/product-service]
in APPPATH/Controllers/Admin/ProductController.php on line 57.
 1 APPPATH/Controllers/Admin/ProductController.php(57): CodeIgniter\Debug\Exceptions->errorHandler(2, 'Attempt to read property "content" on array', '/Applications/MAMP/htdocs/book-management-system/app/Controllers/Admin/ProductController.php', 57)
 2 SYSTEMPATH/CodeIgniter.php(933): App\Controllers\Admin\ProductController->product_view()
 3 SYSTEMPATH/CodeIgniter.php(509): CodeIgniter\CodeIgniter->runController(Object(App\Controllers\Admin\ProductController))
 4 SYSTEMPATH/CodeIgniter.php(355): CodeIgniter\CodeIgniter->handleRequest(null, Object(Config\Cache), false)
 5 SYSTEMPATH/Boot.php(325): CodeIgniter\CodeIgniter->run()
 6 SYSTEMPATH/Boot.php(67): CodeIgniter\Boot::runCodeIgniter(Object(CodeIgniter\CodeIgniter))
 7 FCPATH/index.php(56): CodeIgniter\Boot::bootWeb(Object(Config\Paths))
CRITICAL - 2026-01-03 11:45:56 --> ErrorException: Attempt to read property "content" on array
[Method: GET, Route: admin/product-service]
in APPPATH/Controllers/Admin/ProductController.php on line 57.
 1 APPPATH/Controllers/Admin/ProductController.php(57): CodeIgniter\Debug\Exceptions->errorHandler(2, 'Attempt to read property "content" on array', '/Applications/MAMP/htdocs/book-management-system/app/Controllers/Admin/ProductController.php', 57)
 2 SYSTEMPATH/CodeIgniter.php(933): App\Controllers\Admin\ProductController->product_view()
 3 SYSTEMPATH/CodeIgniter.php(509): CodeIgniter\CodeIgniter->runController(Object(App\Controllers\Admin\ProductController))
 4 SYSTEMPATH/CodeIgniter.php(355): CodeIgniter\CodeIgniter->handleRequest(null, Object(Config\Cache), false)
 5 SYSTEMPATH/Boot.php(325): CodeIgniter\CodeIgniter->run()
 6 SYSTEMPATH/Boot.php(67): CodeIgniter\Boot::runCodeIgniter(Object(CodeIgniter\CodeIgniter))
 7 FCPATH/index.php(56): CodeIgniter\Boot::bootWeb(Object(Config\Paths))
CRITICAL - 2026-01-03 11:46:47 --> ErrorException: Attempt to read property "content" on array
[Method: GET, Route: admin/product-service]
in APPPATH/Controllers/Admin/ProductController.php on line 57.
 1 APPPATH/Controllers/Admin/ProductController.php(57): CodeIgniter\Debug\Exceptions->errorHandler(2, 'Attempt to read property "content" on array', '/Applications/MAMP/htdocs/book-management-system/app/Controllers/Admin/ProductController.php', 57)
 2 SYSTEMPATH/CodeIgniter.php(933): App\Controllers\Admin\ProductController->product_view()
 3 SYSTEMPATH/CodeIgniter.php(509): CodeIgniter\CodeIgniter->runController(Object(App\Controllers\Admin\ProductController))
 4 SYSTEMPATH/CodeIgniter.php(355): CodeIgniter\CodeIgniter->handleRequest(null, Object(Config\Cache), false)
 5 SYSTEMPATH/Boot.php(325): CodeIgniter\CodeIgniter->run()
 6 SYSTEMPATH/Boot.php(67): CodeIgniter\Boot::runCodeIgniter(Object(CodeIgniter\CodeIgniter))
 7 FCPATH/index.php(56): CodeIgniter\Boot::bootWeb(Object(Config\Paths))
CRITICAL - 2026-01-03 11:47:06 --> ErrorException: Attempt to read property "content" on array
[Method: GET, Route: admin/product-service]
in APPPATH/Controllers/Admin/ProductController.php on line 57.
 1 APPPATH/Controllers/Admin/ProductController.php(57): CodeIgniter\Debug\Exceptions->errorHandler(2, 'Attempt to read property "content" on array', '/Applications/MAMP/htdocs/book-management-system/app/Controllers/Admin/ProductController.php', 57)
 2 SYSTEMPATH/CodeIgniter.php(933): App\Controllers\Admin\ProductController->product_view()
 3 SYSTEMPATH/CodeIgniter.php(509): CodeIgniter\CodeIgniter->runController(Object(App\Controllers\Admin\ProductController))
 4 SYSTEMPATH/CodeIgniter.php(355): CodeIgniter\CodeIgniter->handleRequest(null, Object(Config\Cache), false)
 5 SYSTEMPATH/Boot.php(325): CodeIgniter\CodeIgniter->run()
 6 SYSTEMPATH/Boot.php(67): CodeIgniter\Boot::runCodeIgniter(Object(CodeIgniter\CodeIgniter))
 7 FCPATH/index.php(56): CodeIgniter\Boot::bootWeb(Object(Config\Paths))
CRITICAL - 2026-01-03 11:47:52 --> ErrorException: Attempt to read property "content" on array
[Method: GET, Route: admin/product-service]
in APPPATH/Controllers/Admin/ProductController.php on line 57.
 1 APPPATH/Controllers/Admin/ProductController.php(57): CodeIgniter\Debug\Exceptions->errorHandler(2, 'Attempt to read property "content" on array', '/Applications/MAMP/htdocs/book-management-system/app/Controllers/Admin/ProductController.php', 57)
 2 SYSTEMPATH/CodeIgniter.php(933): App\Controllers\Admin\ProductController->product_view()
 3 SYSTEMPATH/CodeIgniter.php(509): CodeIgniter\CodeIgniter->runController(Object(App\Controllers\Admin\ProductController))
 4 SYSTEMPATH/CodeIgniter.php(355): CodeIgniter\CodeIgniter->handleRequest(null, Object(Config\Cache), false)
 5 SYSTEMPATH/Boot.php(325): CodeIgniter\CodeIgniter->run()
 6 SYSTEMPATH/Boot.php(67): CodeIgniter\Boot::runCodeIgniter(Object(CodeIgniter\CodeIgniter))
 7 FCPATH/index.php(56): CodeIgniter\Boot::bootWeb(Object(Config\Paths))
CRITICAL - 2026-01-03 11:48:23 --> ErrorException: Attempt to read property "content" on array
[Method: GET, Route: admin/product-service]
in APPPATH/Controllers/Admin/ProductController.php on line 57.
 1 APPPATH/Controllers/Admin/ProductController.php(57): CodeIgniter\Debug\Exceptions->errorHandler(2, 'Attempt to read property "content" on array', '/Applications/MAMP/htdocs/book-management-system/app/Controllers/Admin/ProductController.php', 57)
 2 SYSTEMPATH/CodeIgniter.php(933): App\Controllers\Admin\ProductController->product_view()
 3 SYSTEMPATH/CodeIgniter.php(509): CodeIgniter\CodeIgniter->runController(Object(App\Controllers\Admin\ProductController))
 4 SYSTEMPATH/CodeIgniter.php(355): CodeIgniter\CodeIgniter->handleRequest(null, Object(Config\Cache), false)
 5 SYSTEMPATH/Boot.php(325): CodeIgniter\CodeIgniter->run()
 6 SYSTEMPATH/Boot.php(67): CodeIgniter\Boot::runCodeIgniter(Object(CodeIgniter\CodeIgniter))
 7 FCPATH/index.php(56): CodeIgniter\Boot::bootWeb(Object(Config\Paths))
CRITICAL - 2026-01-03 11:49:36 --> ErrorException: Attempt to read property "content" on array
[Method: GET, Route: admin/product-service]
in APPPATH/Controllers/Admin/ProductController.php on line 57.
 1 APPPATH/Controllers/Admin/ProductController.php(57): CodeIgniter\Debug\Exceptions->errorHandler(2, 'Attempt to read property "content" on array', '/Applications/MAMP/htdocs/book-management-system/app/Controllers/Admin/ProductController.php', 57)
 2 SYSTEMPATH/CodeIgniter.php(933): App\Controllers\Admin\ProductController->product_view()
 3 SYSTEMPATH/CodeIgniter.php(509): CodeIgniter\CodeIgniter->runController(Object(App\Controllers\Admin\ProductController))
 4 SYSTEMPATH/CodeIgniter.php(355): CodeIgniter\CodeIgniter->handleRequest(null, Object(Config\Cache), false)
 5 SYSTEMPATH/Boot.php(325): CodeIgniter\CodeIgniter->run()
 6 SYSTEMPATH/Boot.php(67): CodeIgniter\Boot::runCodeIgniter(Object(CodeIgniter\CodeIgniter))
 7 FCPATH/index.php(56): CodeIgniter\Boot::bootWeb(Object(Config\Paths))
